time="2022-03-20T12:20:09+02:00" level=info msg="create roter" func="main.main()" file="app.go: 16"
time="2022-03-20T12:20:09+02:00" level=info msg="register user handler" func="main.main()" file="app.go: 18"
time="2022-03-20T12:36:07+02:00" level=info msg="create roter" func="main.main()" file="app.go: 15"
time="2022-03-20T12:36:07+02:00" level=info msg="register user handler" func="main.main()" file="app.go: 17"
time="2022-03-20T12:36:07+02:00" level=info msg="start application" func="main.start()" file="app.go: 25"
time="2022-03-20T12:36:07+02:00" level=info msg="server is listening port 0.0.0.0:8080" func="main.start()" file="app.go: 37"
time="2022-03-20T16:07:16+02:00" level=info msg="create roter" func="main.main()" file="app.go: 20"
time="2022-03-20T16:07:16+02:00" level=info msg="read application configuration" func="restapi-lesson/internal/config.GetConfig.func1()" file="config.go: 25"
time="2022-03-20T16:07:16+02:00" level=info func="restapi-lesson/internal/config.GetConfig.func1()" file="config.go: 29"
time="2022-03-20T16:07:16+02:00" level=fatal msg="open config.yml: The system cannot find the file specified." func="restapi-lesson/internal/config.GetConfig.func1()" file="config.go: 30"
time="2022-03-20T16:08:51+02:00" level=info msg="create roter" func="main.main()" file="app.go: 20"
time="2022-03-20T16:08:51+02:00" level=info msg="read application configuration" func="restapi-lesson/internal/config.GetConfig.func1()" file="config.go: 25"
time="2022-03-20T16:08:51+02:00" level=info func="restapi-lesson/internal/config.GetConfig.func1()" file="config.go: 29"
time="2022-03-20T16:08:51+02:00" level=fatal msg="open config.yml: The system cannot find the file specified." func="restapi-lesson/internal/config.GetConfig.func1()" file="config.go: 30"
time="2022-03-20T16:12:59+02:00" level=info msg="create roter" func="main.main()" file="app.go: 20"
time="2022-03-20T16:12:59+02:00" level=info msg="read application configuration" func="restapi-lesson/internal/config.GetConfig.func1()" file="config.go: 25"
time="2022-03-20T16:12:59+02:00" level=info func="restapi-lesson/internal/config.GetConfig.func1()" file="config.go: 29"
time="2022-03-20T16:12:59+02:00" level=fatal msg="open config.yml: The system cannot find the file specified." func="restapi-lesson/internal/config.GetConfig.func1()" file="config.go: 30"
time="2022-03-20T16:27:09+02:00" level=info msg="create roter" func="main.main()" file="app.go: 20"
time="2022-03-20T16:27:09+02:00" level=info msg="read application configuration" func="restapi-lesson/internal/config.GetConfig.func1()" file="config.go: 25"
time="2022-03-20T16:27:09+02:00" level=info func="restapi-lesson/internal/config.GetConfig.func1()" file="config.go: 29"
time="2022-03-20T16:27:09+02:00" level=fatal msg="open config.yml: The system cannot find the file specified." func="restapi-lesson/internal/config.GetConfig.func1()" file="config.go: 30"
time="2022-03-20T16:36:54+02:00" level=info msg="create roter" func="main.main()" file="app.go: 20"
time="2022-03-20T16:36:54+02:00" level=info msg="read application configuration" func="restapi-lesson/internal/config.GetConfig.func1()" file="config.go: 25"
time="2022-03-20T16:36:54+02:00" level=info func="restapi-lesson/internal/config.GetConfig.func1()" file="config.go: 29"
time="2022-03-20T16:36:54+02:00" level=fatal msg="open goo.mod: The system cannot find the file specified." func="restapi-lesson/internal/config.GetConfig.func1()" file="config.go: 30"
time="2022-03-20T16:38:01+02:00" level=info msg="create roter" func="main.main()" file="app.go: 20"
time="2022-03-20T16:38:01+02:00" level=info msg="read application configuration" func="restapi-lesson/internal/config.GetConfig.func1()" file="config.go: 25"
time="2022-03-20T16:38:01+02:00" level=info func="restapi-lesson/internal/config.GetConfig.func1()" file="config.go: 29"
time="2022-03-20T16:38:01+02:00" level=fatal msg="open /config.yml: The system cannot find the file specified." func="restapi-lesson/internal/config.GetConfig.func1()" file="config.go: 30"
time="2022-03-20T16:42:11+02:00" level=info msg="create roter" func="main.main()" file="app.go: 20"
time="2022-03-20T16:42:11+02:00" level=info msg="read application configuration" func="restapi-lesson/internal/config.GetConfig.func1()" file="config.go: 25"
time="2022-03-20T16:43:42+02:00" level=info msg="create roter" func="main.main()" file="app.go: 20"
time="2022-03-20T16:43:42+02:00" level=info msg="read application configuration" func="restapi-lesson/internal/config.GetConfig.func1()" file="config.go: 25"
time="2022-03-20T16:43:42+02:00" level=info func="restapi-lesson/internal/config.GetConfig.func1()" file="config.go: 29"
time="2022-03-20T16:43:42+02:00" level=fatal msg="open config.yml: The system cannot find the file specified." func="restapi-lesson/internal/config.GetConfig.func1()" file="config.go: 30"
time="2022-03-20T16:47:51+02:00" level=info msg="create roter" func="main.main()" file="app.go: 20"
time="2022-03-20T16:47:51+02:00" level=info msg="read application configuration" func="restapi-lesson/internal/config.GetConfig.func1()" file="config.go: 34"
time="2022-03-20T16:47:51+02:00" level=info func="restapi-lesson/internal/config.GetConfig.func1()" file="config.go: 38"
time="2022-03-20T16:47:51+02:00" level=fatal msg="open config.yml: The system cannot find the file specified." func="restapi-lesson/internal/config.GetConfig.func1()" file="config.go: 39"
time="2022-03-20T17:01:35+02:00" level=info msg="create roter" func="main.main()" file="app.go: 20"
time="2022-03-20T17:01:35+02:00" level=info msg="read application configuration" func="restapi-lesson/internal/config.GetConfig.func1()" file="config.go: 25"
time="2022-03-20T17:01:35+02:00" level=info func="restapi-lesson/internal/config.GetConfig.func1()" file="config.go: 29"
time="2022-03-20T17:01:35+02:00" level=fatal msg="open config.yml: The system cannot find the file specified." func="restapi-lesson/internal/config.GetConfig.func1()" file="config.go: 30"
time="2022-03-20T17:15:06+02:00" level=info msg="create roter" func="main.main()" file="app.go: 20"
time="2022-03-20T17:15:06+02:00" level=info msg="read application configuration" func="restapi-lesson/internal/config.GetConfig.func1()" file="config.go: 25"
time="2022-03-20T17:15:06+02:00" level=info msg="register user handler" func="main.main()" file="app.go: 25"
time="2022-03-20T17:15:06+02:00" level=info msg="start application" func="main.start()" file="app.go: 33"
time="2022-03-20T17:15:06+02:00" level=info msg="listen tcp" func="main.start()" file="app.go: 50"
time="2022-03-20T17:15:06+02:00" level=info msg="server is listening port %s:%s0.0.0.010000" func="main.start()" file="app.go: 64"
time="2022-03-20T17:35:00+02:00" level=info msg="create roter" func="main.main()" file="app.go: 20"
time="2022-03-20T17:35:00+02:00" level=info msg="read application configuration" func="restapi-lesson/internal/config.GetConfig.func1()" file="config.go: 25"
time="2022-03-20T17:35:00+02:00" level=info func="restapi-lesson/internal/config.GetConfig.func1()" file="config.go: 29"
time="2022-03-20T17:35:00+02:00" level=fatal msg="open .\\config.yml: The system cannot find the file specified." func="restapi-lesson/internal/config.GetConfig.func1()" file="config.go: 30"
time="2022-03-20T17:35:17+02:00" level=info msg="create roter" func="main.main()" file="app.go: 20"
time="2022-03-20T17:35:17+02:00" level=info msg="read application configuration" func="restapi-lesson/internal/config.GetConfig.func1()" file="config.go: 25"
time="2022-03-20T17:35:17+02:00" level=info func="restapi-lesson/internal/config.GetConfig.func1()" file="config.go: 29"
time="2022-03-20T17:35:17+02:00" level=fatal msg="open \\config.yml: The system cannot find the file specified." func="restapi-lesson/internal/config.GetConfig.func1()" file="config.go: 30"
time="2022-03-20T17:38:10+02:00" level=info msg="create roter" func="main.main()" file="app.go: 20"
time="2022-03-20T17:38:10+02:00" level=info msg="read application configuration" func="restapi-lesson/internal/config.GetConfig.func1()" file="config.go: 25"
time="2022-03-20T17:38:10+02:00" level=info func="restapi-lesson/internal/config.GetConfig.func1()" file="config.go: 29"
time="2022-03-20T17:38:10+02:00" level=fatal msg="open config.yml: The system cannot find the file specified." func="restapi-lesson/internal/config.GetConfig.func1()" file="config.go: 30"
time="2022-03-20T21:40:07+02:00" level=info msg="create roter" func="main.main()" file="app.go: 20"
time="2022-03-20T21:40:07+02:00" level=info msg="read application configuration" func="restapi-lesson/internal/config.GetConfig.func1()" file="config.go: 25"
time="2022-03-20T21:40:07+02:00" level=info func="restapi-lesson/internal/config.GetConfig.func1()" file="config.go: 29"
time="2022-03-20T21:40:07+02:00" level=fatal msg="open ..\\config.yml: The system cannot find the file specified." func="restapi-lesson/internal/config.GetConfig.func1()" file="config.go: 30"
time="2022-03-20T21:40:43+02:00" level=info msg="create roter" func="main.main()" file="app.go: 20"
time="2022-03-20T21:40:43+02:00" level=info msg="read application configuration" func="restapi-lesson/internal/config.GetConfig.func1()" file="config.go: 25"
time="2022-03-20T21:40:43+02:00" level=info func="restapi-lesson/internal/config.GetConfig.func1()" file="config.go: 29"
time="2022-03-20T21:40:43+02:00" level=fatal msg="open ..//config.yml: The system cannot find the file specified." func="restapi-lesson/internal/config.GetConfig.func1()" file="config.go: 30"
time="2022-03-20T21:41:31+02:00" level=info msg="create roter" func="main.main()" file="app.go: 20"
time="2022-03-20T21:41:31+02:00" level=info msg="read application configuration" func="restapi-lesson/internal/config.GetConfig.func1()" file="config.go: 25"
time="2022-03-20T21:41:31+02:00" level=info msg="register user handler" func="main.main()" file="app.go: 25"
time="2022-03-20T21:41:31+02:00" level=info msg="start application" func="main.start()" file="app.go: 33"
time="2022-03-20T21:41:31+02:00" level=info msg="listen tcp" func="main.start()" file="app.go: 50"
time="2022-03-20T21:41:31+02:00" level=info msg="server is listening port %s:%s0.0.0.010000" func="main.start()" file="app.go: 64"
time="2022-03-20T21:50:15+02:00" level=info msg="create roter" func="main.main()" file="app.go: 20"
time="2022-03-20T21:50:15+02:00" level=info msg="read application configuration" func="restapi-lesson/internal/config.GetConfig.func1()" file="config.go: 25"
time="2022-03-20T21:50:15+02:00" level=info msg="register user handler" func="main.main()" file="app.go: 25"
time="2022-03-20T21:50:15+02:00" level=info msg="start application" func="main.start()" file="app.go: 33"
time="2022-03-20T21:50:15+02:00" level=info msg="detect app path" func="main.start()" file="app.go: 39"
time="2022-03-20T21:50:15+02:00" level=info msg="create socket" func="main.start()" file="app.go: 44"
time="2022-03-20T21:50:15+02:00" level=info msg="listen unix socket" func="main.start()" file="app.go: 47"
time="2022-03-20T21:50:15+02:00" level=info msg="server is listening unix socket: %sc:\\Users\\mike\\go\\src\\rest-api-tutorial\\cmd\\main/app.sock" func="main.start()" file="app.go: 49"
